<?xml version="1.0" encoding="UTF-8"?>
<!-- Generated by org.testng.reporters.JUnitReportReporter -->
<testsuite hostname="HP-Gaganrana" name="com.qa.testcases.Testing" tests="1" failures="0" timestamp="15 Apr 2020 16:04:28 GMT" time="37.713" errors="0">
  <testcase name="test" time="37.713" classname="com.qa.testcases.Testing"/>
</testsuite> <!-- com.qa.testcases.Testing -->
